<?xml version="1.0" encoding="UTF-8"?>
<!-- Generated by org.testng.reporters.JUnitReportReporter -->
<testsuite hostname="Gretos-Asus" failures="0" tests="4" name="qaontime.NewTest" time="5.845" errors="0" timestamp="2020-01-07T18:45:29 EET" skipped="0">
  <testcase classname="qaontime.NewTest" name="Should_NotBeAbleToCreateIssue_When_IssueSeverityIsInvalid" time="0.780"/>
  <testcase classname="qaontime.NewTest" name="Should_NotBeAbleToCreateIssue_When_IssueNameNotProvided" time="2.287"/>
  <testcase classname="qaontime.NewTest" name="divideByZero" time="0.002"/>
  <testcase classname="qaontime.NewTest" name="Should_BeAbleToCreateIssue_WhenProvidingCorrectData" time="2.776"/>
</testsuite> <!-- qaontime.NewTest -->
