<?xml version="1.0" encoding="UTF-8"?>
<!-- Generated by org.testng.reporters.JUnitReportReporter -->
<testsuite hostname="Gretos-Asus" failures="0" tests="4" name="tests.IssuesTest" time="6.019" errors="0" timestamp="2020-01-07T20:27:23 EET" skipped="0">
  <testcase classname="tests.IssuesTest" name="Should_NotBeAbleToCreateIssue_When_IssueNameNotProvided" time="2.185"/>
  <testcase classname="tests.IssuesTest" name="Should_NotBeAbleToCreateIssue_When_IssueSeverityIsInvalid" time="1.000"/>
  <testcase classname="tests.IssuesTest" name="Should_BeAbleToCreateIssue_WhenProvidingCorrectData" time="2.832"/>
  <testcase classname="tests.IssuesTest" name="divideByZero" time="0.002"/>
</testsuite> <!-- tests.IssuesTest -->
