<?xml version="1.0" encoding="UTF-8"?>
<!-- Generated by org.testng.reporters.JUnitReportReporter -->
<testsuite hostname="Gretos-Asus" failures="0" tests="4" name="tests.Issues" time="5.655" errors="0" timestamp="2020-01-07T19:36:06 EET" skipped="0">
  <testcase classname="tests.Issues" name="Should_NotBeAbleToCreateIssue_When_IssueNameNotProvided" time="2.162"/>
  <testcase classname="tests.Issues" name="divideByZero" time="0.002"/>
  <testcase classname="tests.Issues" name="Should_BeAbleToCreateIssue_WhenProvidingCorrectData" time="2.748"/>
  <testcase classname="tests.Issues" name="Should_NotBeAbleToCreateIssue_When_IssueSeverityIsInvalid" time="0.743"/>
</testsuite> <!-- tests.Issues -->
