<?xml version="1.0" encoding="UTF-8"?>
<!-- Generated by org.testng.reporters.JUnitReportReporter -->
<testsuite hostname="Gretos-Asus" failures="0" tests="1" name="tests.NewTest" time="1.840" errors="0" timestamp="2020-01-02T20:19:21 EET" skipped="0">
  <testcase classname="tests.NewTest" name="openMyBlog" time="1.840"/>
</testsuite> <!-- tests.NewTest -->
