<?xml version="1.0" encoding="UTF-8"?>
<!-- Generated by org.testng.reporters.JUnitReportReporter -->
<testsuite hostname="Gretos-Asus" failures="0" tests="9" name="tests.LoginTest" time="7.001" errors="0" timestamp="2020-01-17T12:58:43 EET" skipped="0">
  <testcase classname="tests.LoginTest" name="Should_NotBeAbleToLogin_When_PasswordContainsScript" time="0.703"/>
  <testcase classname="tests.LoginTest" name="Should_NotBeAbleToLogin_When_PasswordIsCrossSiteScripted" time="0.670"/>
  <testcase classname="tests.LoginTest" name="Should_NotBeAbleToLogin_When_PasswordIsEmptyStrings" time="0.651"/>
  <testcase classname="tests.LoginTest" name="Should_BeAbleToLogin_When_UserNameAndPasswordAreValid" time="0.988"/>
  <testcase classname="tests.LoginTest" name="Should_NotBeAbleToLogin_When_UserNameIsInvalid" time="0.691"/>
  <testcase classname="tests.LoginTest" name="Should_NotBeAbleToLogin_When_PasswordContainsNewLineCharacters" time="1.337"/>
  <testcase classname="tests.LoginTest" name="Should_NotBeAbleToLogin_When_PasswordContainsSymbols" time="0.634"/>
  <testcase classname="tests.LoginTest" name="Should_NotBeAbleToLogin_When_PasswordIsInvalid" time="0.709"/>
  <testcase classname="tests.LoginTest" name="Should_NotBeAbleToLogin_When_PasswordContainsSQL" time="0.618"/>
</testsuite> <!-- tests.LoginTest -->
